2024-10-11 16:27:29,339 - DEBUG - Creating ROOT dictionary.
2024-10-11 16:27:29,340 - INFO - creating ACAD_COLOR dictionary
2024-10-11 16:27:29,340 - INFO - creating ACAD_GROUP dictionary
2024-10-11 16:27:29,340 - INFO - creating ACAD_LAYOUT dictionary
2024-10-11 16:27:29,340 - INFO - creating ACAD_MATERIAL dictionary
2024-10-11 16:27:29,340 - INFO - creating ACAD_MLEADERSTYLE dictionary
2024-10-11 16:27:29,340 - INFO - creating ACAD_MLINESTYLE dictionary
2024-10-11 16:27:29,340 - INFO - creating ACAD_PLOTSETTINGS dictionary
2024-10-11 16:27:29,340 - INFO - creating ACAD_PLOTSTYLENAME dictionary
2024-10-11 16:27:29,341 - INFO - creating ACAD_SCALELIST dictionary
2024-10-11 16:27:29,341 - INFO - creating ACAD_TABLESTYLE dictionary
2024-10-11 16:27:29,341 - INFO - creating ACAD_VISUALSTYLE dictionary
2024-10-11 16:29:19,404 - DEBUG - Creating ROOT dictionary.
2024-10-11 16:29:19,404 - INFO - creating ACAD_COLOR dictionary
2024-10-11 16:29:19,404 - INFO - creating ACAD_GROUP dictionary
2024-10-11 16:29:19,404 - INFO - creating ACAD_LAYOUT dictionary
2024-10-11 16:29:19,404 - INFO - creating ACAD_MATERIAL dictionary
2024-10-11 16:29:19,404 - INFO - creating ACAD_MLEADERSTYLE dictionary
2024-10-11 16:29:19,405 - INFO - creating ACAD_MLINESTYLE dictionary
2024-10-11 16:29:19,405 - INFO - creating ACAD_PLOTSETTINGS dictionary
2024-10-11 16:29:19,405 - INFO - creating ACAD_PLOTSTYLENAME dictionary
2024-10-11 16:29:19,405 - INFO - creating ACAD_SCALELIST dictionary
2024-10-11 16:29:19,405 - INFO - creating ACAD_TABLESTYLE dictionary
2024-10-11 16:29:19,405 - INFO - creating ACAD_VISUALSTYLE dictionary
2024-10-11 17:35:25,040 - DEBUG - Creating ROOT dictionary.
2024-10-11 17:35:25,040 - INFO - creating ACAD_COLOR dictionary
2024-10-11 17:35:25,040 - INFO - creating ACAD_GROUP dictionary
2024-10-11 17:35:25,041 - INFO - creating ACAD_LAYOUT dictionary
2024-10-11 17:35:25,041 - INFO - creating ACAD_MATERIAL dictionary
2024-10-11 17:35:25,041 - INFO - creating ACAD_MLEADERSTYLE dictionary
2024-10-11 17:35:25,041 - INFO - creating ACAD_MLINESTYLE dictionary
2024-10-11 17:35:25,042 - INFO - creating ACAD_PLOTSETTINGS dictionary
2024-10-11 17:35:25,042 - INFO - creating ACAD_PLOTSTYLENAME dictionary
2024-10-11 17:35:25,042 - INFO - creating ACAD_SCALELIST dictionary
2024-10-11 17:35:25,042 - INFO - creating ACAD_TABLESTYLE dictionary
2024-10-11 17:35:25,042 - INFO - creating ACAD_VISUALSTYLE dictionary
2024-10-11 17:36:30,091 - DEBUG - Creating ROOT dictionary.
2024-10-11 17:36:30,091 - INFO - creating ACAD_COLOR dictionary
2024-10-11 17:36:30,091 - INFO - creating ACAD_GROUP dictionary
2024-10-11 17:36:30,091 - INFO - creating ACAD_LAYOUT dictionary
2024-10-11 17:36:30,092 - INFO - creating ACAD_MATERIAL dictionary
2024-10-11 17:36:30,092 - INFO - creating ACAD_MLEADERSTYLE dictionary
2024-10-11 17:36:30,092 - INFO - creating ACAD_MLINESTYLE dictionary
2024-10-11 17:36:30,092 - INFO - creating ACAD_PLOTSETTINGS dictionary
2024-10-11 17:36:30,092 - INFO - creating ACAD_PLOTSTYLENAME dictionary
2024-10-11 17:36:30,092 - INFO - creating ACAD_SCALELIST dictionary
2024-10-11 17:36:30,093 - INFO - creating ACAD_TABLESTYLE dictionary
2024-10-11 17:36:30,093 - INFO - creating ACAD_VISUALSTYLE dictionary
2024-10-11 17:36:30,101 - INFO - did not write header var $INTERFEREOBJVS, value is None.
2024-10-11 17:36:30,101 - INFO - did not write header var $INTERFEREVPVS, value is None.
2024-10-13 15:12:22,587 - DEBUG - Creating ROOT dictionary.
2024-10-13 15:12:22,587 - INFO - creating ACAD_COLOR dictionary
2024-10-13 15:12:22,587 - INFO - creating ACAD_GROUP dictionary
2024-10-13 15:12:22,587 - INFO - creating ACAD_LAYOUT dictionary
2024-10-13 15:12:22,587 - INFO - creating ACAD_MATERIAL dictionary
2024-10-13 15:12:22,587 - INFO - creating ACAD_MLEADERSTYLE dictionary
2024-10-13 15:12:22,588 - INFO - creating ACAD_MLINESTYLE dictionary
2024-10-13 15:12:22,588 - INFO - creating ACAD_PLOTSETTINGS dictionary
2024-10-13 15:12:22,588 - INFO - creating ACAD_PLOTSTYLENAME dictionary
2024-10-13 15:12:22,588 - INFO - creating ACAD_SCALELIST dictionary
2024-10-13 15:12:22,588 - INFO - creating ACAD_TABLESTYLE dictionary
2024-10-13 15:12:22,588 - INFO - creating ACAD_VISUALSTYLE dictionary
2024-10-13 15:12:22,592 - INFO - did not write header var $INTERFEREOBJVS, value is None.
2024-10-13 15:12:22,592 - INFO - did not write header var $INTERFEREVPVS, value is None.
